2018-08-15 14:37:21 [scrapy.utils.log] INFO: Scrapy 1.5.1 started (bot: innotree)
2018-08-15 14:37:21 [scrapy.utils.log] INFO: Versions: lxml 4.2.4.0, libxml2 2.9.5, cssselect 1.0.3, parsel 1.5.0, w3lib 1.19.0, Twisted 17.9.0, Python 3.5.4rc1 (v3.5.4rc1:385b368, Jul 24 2017, 14:37:10) [MSC v.1900 64 bit (AMD64)], pyOpenSSL 18.0.0 (OpenSSL 1.1.0h  27 Mar 2018), cryptography 2.3, Platform Windows-7-6.1.7601-SP1
2018-08-15 14:37:21 [scrapy.crawler] INFO: Overridden settings: {'LOG_FILE': 'logs\\innotree\\area\\a519aa62a05511e8867b28e347b8cb75.log', 'BOT_NAME': 'innotree', 'SPIDER_MODULES': ['innotree.spiders'], 'CONCURRENT_REQUESTS': 32, 'NEWSPIDER_MODULE': 'innotree.spiders'}
2018-08-15 14:37:21 [scrapy.middleware] INFO: Enabled extensions:
['scrapy.extensions.corestats.CoreStats',
 'scrapy.extensions.logstats.LogStats',
 'scrapy.extensions.telnet.TelnetConsole']
2018-08-15 14:37:22 [scrapy.middleware] INFO: Enabled downloader middlewares:
['scrapy.downloadermiddlewares.httpauth.HttpAuthMiddleware',
 'scrapy.downloadermiddlewares.downloadtimeout.DownloadTimeoutMiddleware',
 'scrapy.downloadermiddlewares.defaultheaders.DefaultHeadersMiddleware',
 'scrapy.downloadermiddlewares.useragent.UserAgentMiddleware',
 'scrapy.downloadermiddlewares.retry.RetryMiddleware',
 'scrapy.downloadermiddlewares.redirect.MetaRefreshMiddleware',
 'scrapy.downloadermiddlewares.httpcompression.HttpCompressionMiddleware',
 'scrapy.downloadermiddlewares.redirect.RedirectMiddleware',
 'scrapy.downloadermiddlewares.cookies.CookiesMiddleware',
 'scrapy.downloadermiddlewares.httpproxy.HttpProxyMiddleware',
 'scrapy.downloadermiddlewares.stats.DownloaderStats']
2018-08-15 14:37:22 [scrapy.middleware] INFO: Enabled spider middlewares:
['scrapy.spidermiddlewares.httperror.HttpErrorMiddleware',
 'scrapy.spidermiddlewares.offsite.OffsiteMiddleware',
 'scrapy.spidermiddlewares.referer.RefererMiddleware',
 'scrapy.spidermiddlewares.urllength.UrlLengthMiddleware',
 'scrapy.spidermiddlewares.depth.DepthMiddleware']
2018-08-15 14:37:22 [scrapy.middleware] INFO: Enabled item pipelines:
[]
2018-08-15 14:37:22 [scrapy.core.engine] INFO: Spider opened
2018-08-15 14:37:22 [scrapy.extensions.logstats] INFO: Crawled 0 pages (at 0 pages/min), scraped 0 items (at 0 items/min)
2018-08-15 14:37:22 [scrapy.extensions.telnet] DEBUG: Telnet console listening on 127.0.0.1:6023
2018-08-15 14:37:22 [scrapy.core.engine] DEBUG: Crawled (200) <GET https://www.innotree.cn/inno/screening/ajax/getAllScreeningsForInvestDB> (referer: https://www.innotree.cn/inno/database/totalDatabase)
2018-08-15 14:37:22 [scrapy.core.engine] INFO: Closing spider (finished)
2018-08-15 14:37:22 [scrapy.statscollectors] INFO: Dumping Scrapy stats:
{'downloader/request_bytes': 862,
 'downloader/request_count': 1,
 'downloader/request_method_count/GET': 1,
 'downloader/response_bytes': 900,
 'downloader/response_count': 1,
 'downloader/response_status_count/200': 1,
 'finish_reason': 'finished',
 'finish_time': datetime.datetime(2018, 8, 15, 6, 37, 22, 990239),
 'log_count/DEBUG': 2,
 'log_count/INFO': 7,
 'response_received_count': 1,
 'scheduler/dequeued': 1,
 'scheduler/dequeued/memory': 1,
 'scheduler/enqueued': 1,
 'scheduler/enqueued/memory': 1,
 'start_time': datetime.datetime(2018, 8, 15, 6, 37, 22, 202194)}
2018-08-15 14:37:22 [scrapy.core.engine] INFO: Spider closed (finished)
